<?xml version="1.0" encoding="UTF-8"?>
<testng-results ignored="0" total="2" passed="2" failed="0" skipped="0">
  <reporter-output>
  </reporter-output>
  <suite started-at="2024-06-30T21:40:06 IST" name="Suite" finished-at="2024-06-30T21:41:06 IST" duration-ms="59594">
    <groups>
    </groups>
    <test started-at="2024-06-30T21:40:06 IST" name="Test" finished-at="2024-06-30T21:41:06 IST" duration-ms="59594">
      <class name="GoogleTest">
        <test-method signature="HomePageCheck()[pri:0, instance:GoogleTest@2d52216b]" started-at="2024-06-30T21:40:06 IST" name="HomePageCheck" finished-at="2024-06-30T21:40:34 IST" duration-ms="27933" status="PASS">
          <reporter-output>
          </reporter-output>
        </test-method> <!-- HomePageCheck -->
      </class> <!-- GoogleTest -->
      <class name="RSATEST">
        <test-method signature="HomePageCheck()[pri:0, instance:RSATEST@4b0d79fc]" started-at="2024-06-30T21:40:06 IST" name="HomePageCheck" finished-at="2024-06-30T21:41:06 IST" duration-ms="59501" status="PASS">
          <reporter-output>
          </reporter-output>
        </test-method> <!-- HomePageCheck -->
      </class> <!-- RSATEST -->
    </test> <!-- Test -->
  </suite> <!-- Suite -->
</testng-results>
